<?xml version="1.0" encoding="UTF-8"?>
<coverage generated="1638638741426" clover="3.2.0">
  <project timestamp="1638638741426" name="All files">
    <metrics statements="53" coveredstatements="53" conditionals="8" coveredconditionals="8" methods="20" coveredmethods="20" elements="81" coveredelements="81" complexity="0" loc="53" ncloc="53" packages="3" files="5" classes="5"/>
    <package name="checkout">
      <metrics statements="18" coveredstatements="18" conditionals="4" coveredconditionals="4" methods="4" coveredmethods="4"/>
      <file name="calculate.ts" path="/temp/javascript-nodejs/product-rules/src/checkout/calculate.ts">
        <metrics statements="18" coveredstatements="18" conditionals="4" coveredconditionals="4" methods="4" coveredmethods="4"/>
        <line num="1" count="1" type="stmt"/>
        <line num="2" count="1" type="stmt"/>
        <line num="3" count="1" type="stmt"/>
        <line num="5" count="1" type="stmt"/>
        <line num="7" count="1" type="stmt"/>
        <line num="8" count="2" type="cond" truecount="4" falsecount="0"/>
        <line num="9" count="1" type="stmt"/>
        <line num="10" count="4" type="stmt"/>
        <line num="11" count="1" type="stmt"/>
        <line num="12" count="1" type="stmt"/>
        <line num="13" count="1" type="stmt"/>
        <line num="14" count="1" type="stmt"/>
        <line num="15" count="1" type="stmt"/>
        <line num="17" count="1" type="stmt"/>
        <line num="21" count="1" type="stmt"/>
        <line num="22" count="2" type="stmt"/>
        <line num="23" count="7" type="stmt"/>
        <line num="24" count="2" type="stmt"/>
      </file>
    </package>
    <package name="checkout.rules">
      <metrics statements="20" coveredstatements="20" conditionals="4" coveredconditionals="4" methods="12" coveredmethods="12"/>
      <file name="promos.ts" path="/temp/javascript-nodejs/product-rules/src/checkout/rules/promos.ts">
        <metrics statements="7" coveredstatements="7" conditionals="0" coveredconditionals="0" methods="3" coveredmethods="3"/>
        <line num="1" count="2" type="stmt"/>
        <line num="4" count="2" type="stmt"/>
        <line num="5" count="3" type="stmt"/>
        <line num="6" count="10" type="stmt"/>
        <line num="7" count="3" type="stmt"/>
        <line num="10" count="2" type="stmt"/>
        <line num="11" count="2" type="stmt"/>
      </file>
      <file name="rules.ts" path="/temp/javascript-nodejs/product-rules/src/checkout/rules/rules.ts">
        <metrics statements="13" coveredstatements="13" conditionals="4" coveredconditionals="4" methods="9" coveredmethods="9"/>
        <line num="1" count="2" type="stmt"/>
        <line num="4" count="8" type="stmt"/>
        <line num="6" count="2" type="stmt"/>
        <line num="7" count="4" type="stmt"/>
        <line num="8" count="4" type="cond" truecount="1" falsecount="0"/>
        <line num="9" count="10" type="stmt"/>
        <line num="13" count="1" type="stmt"/>
        <line num="17" count="2" type="stmt"/>
        <line num="18" count="4" type="stmt"/>
        <line num="19" count="4" type="cond" truecount="1" falsecount="0"/>
        <line num="20" count="3" type="stmt"/>
        <line num="21" count="10" type="cond" truecount="2" falsecount="0"/>
        <line num="26" count="1" type="stmt"/>
      </file>
    </package>
    <package name="store">
      <metrics statements="15" coveredstatements="15" conditionals="0" coveredconditionals="0" methods="4" coveredmethods="4"/>
      <file name="store.ts" path="/temp/javascript-nodejs/product-rules/src/store/store.ts">
        <metrics statements="10" coveredstatements="10" conditionals="0" coveredconditionals="0" methods="4" coveredmethods="4"/>
        <line num="1" count="1" type="stmt"/>
        <line num="4" count="1" type="stmt"/>
        <line num="22" count="1" type="stmt"/>
        <line num="23" count="1" type="stmt"/>
        <line num="24" count="3" type="stmt"/>
        <line num="25" count="3" type="stmt"/>
        <line num="29" count="1" type="stmt"/>
        <line num="31" count="1" type="stmt"/>
        <line num="32" count="1" type="stmt"/>
        <line num="33" count="4" type="stmt"/>
      </file>
      <file name="test.store.ts" path="/temp/javascript-nodejs/product-rules/src/store/test.store.ts">
        <metrics statements="5" coveredstatements="5" conditionals="0" coveredconditionals="0" methods="0" coveredmethods="0"/>
        <line num="2" count="3" type="stmt"/>
        <line num="4" count="3" type="stmt"/>
        <line num="22" count="3" type="stmt"/>
        <line num="40" count="3" type="stmt"/>
        <line num="58" count="3" type="stmt"/>
      </file>
    </package>
  </project>
</coverage>
