{"/temp/javascript-nodejs/product-rules/src/checkout/calculate.ts": {"path":"/temp/javascript-nodejs/product-rules/src/checkout/calculate.ts","statementMap":{"0":{"start":{"line":1,"column":0},"end":{"line":1,"column":27}},"1":{"start":{"line":2,"column":0},"end":{"line":2,"column":75}},"2":{"start":{"line":3,"column":0},"end":{"line":3,"column":74}},"3":{"start":{"line":5,"column":0},"end":{"line":5,"column":50}},"4":{"start":{"line":7,"column":20},"end":{"line":19,"column":1}},"5":{"start":{"line":8,"column":4},"end":{"line":18,"column":null}},"6":{"start":{"line":9,"column":22},"end":{"line":9,"column":49}},"7":{"start":{"line":10,"column":36},"end":{"line":10,"column":93}},"8":{"start":{"line":10,"column":71},"end":{"line":10,"column":91}},"9":{"start":{"line":11,"column":30},"end":{"line":11,"column":86}},"10":{"start":{"line":12,"column":38},"end":{"line":12,"column":71}},"11":{"start":{"line":13,"column":34},"end":{"line":13,"column":75}},"12":{"start":{"line":14,"column":27},"end":{"line":14,"column":68}},"13":{"start":{"line":15,"column":8},"end":{"line":15,"column":42}},"14":{"start":{"line":17,"column":8},"end":{"line":17,"column":50}},"15":{"start":{"line":7,"column":13},"end":{"line":7,"column":20}},"16":{"start":{"line":21,"column":30},"end":{"line":25,"column":1}},"17":{"start":{"line":22,"column":23},"end":{"line":23,"column":40}},"18":{"start":{"line":23,"column":8},"end":{"line":23,"column":29}},"19":{"start":{"line":24,"column":4},"end":{"line":24,"column":47}},"20":{"start":{"line":21,"column":13},"end":{"line":21,"column":30}}},"fnMap":{"0":{"name":"(anonymous_0)","decl":{"start":{"line":7,"column":20},"end":{"line":7,"column":21}},"loc":{"start":{"line":7,"column":38},"end":{"line":19,"column":1}}},"1":{"name":"(anonymous_1)","decl":{"start":{"line":10,"column":63},"end":{"line":10,"column":67}},"loc":{"start":{"line":10,"column":67},"end":{"line":10,"column":75}}},"2":{"name":"(anonymous_2)","decl":{"start":{"line":21,"column":30},"end":{"line":21,"column":31}},"loc":{"start":{"line":21,"column":44},"end":{"line":25,"column":1}}},"3":{"name":"(anonymous_3)","decl":{"start":{"line":22,"column":36},"end":{"line":22,"column":37}},"loc":{"start":{"line":22,"column":45},"end":{"line":23,"column":11}}}},"branchMap":{"0":{"loc":{"start":{"line":8,"column":4},"end":{"line":18,"column":null}},"type":"if","locations":[{"start":{"line":8,"column":4},"end":{"line":18,"column":null}},{"start":{"line":16,"column":11},"end":{"line":18,"column":null}}]},"1":{"loc":{"start":{"line":8,"column":8},"end":{"line":8,"column":37}},"type":"binary-expr","locations":[{"start":{"line":8,"column":8},"end":{"line":8,"column":15}},{"start":{"line":8,"column":19},"end":{"line":8,"column":37}}]}},"s":{"0":1,"1":1,"2":1,"3":1,"4":1,"5":2,"6":1,"7":1,"8":4,"9":1,"10":1,"11":1,"12":1,"13":1,"14":1,"15":1,"16":1,"17":2,"18":7,"19":2,"20":1},"f":{"0":2,"1":4,"2":2,"3":7},"b":{"0":[1,1],"1":[2,2]}}
,"/temp/javascript-nodejs/product-rules/src/checkout/rules/promos.ts": {"path":"/temp/javascript-nodejs/product-rules/src/checkout/rules/promos.ts","statementMap":{"0":{"start":{"line":1,"column":0},"end":{"line":1,"column":27}},"1":{"start":{"line":4,"column":38},"end":{"line":8,"column":1}},"2":{"start":{"line":5,"column":23},"end":{"line":6,"column":40}},"3":{"start":{"line":6,"column":8},"end":{"line":6,"column":29}},"4":{"start":{"line":7,"column":4},"end":{"line":7,"column":45}},"5":{"start":{"line":4,"column":13},"end":{"line":4,"column":38}},"6":{"start":{"line":10,"column":35},"end":{"line":12,"column":1}},"7":{"start":{"line":11,"column":4},"end":{"line":11,"column":48}},"8":{"start":{"line":10,"column":13},"end":{"line":10,"column":35}}},"fnMap":{"0":{"name":"(anonymous_0)","decl":{"start":{"line":4,"column":38},"end":{"line":4,"column":39}},"loc":{"start":{"line":4,"column":71},"end":{"line":8,"column":1}}},"1":{"name":"(anonymous_1)","decl":{"start":{"line":5,"column":36},"end":{"line":5,"column":37}},"loc":{"start":{"line":5,"column":45},"end":{"line":6,"column":11}}},"2":{"name":"(anonymous_2)","decl":{"start":{"line":10,"column":35},"end":{"line":10,"column":36}},"loc":{"start":{"line":10,"column":77},"end":{"line":12,"column":1}}}},"branchMap":{},"s":{"0":2,"1":2,"2":3,"3":10,"4":3,"5":2,"6":2,"7":2,"8":2},"f":{"0":3,"1":10,"2":2},"b":{}}
,"/temp/javascript-nodejs/product-rules/src/checkout/rules/rules.ts": {"path":"/temp/javascript-nodejs/product-rules/src/checkout/rules/rules.ts","statementMap":{"0":{"start":{"line":1,"column":0},"end":{"line":1,"column":27}},"1":{"start":{"line":4,"column":23},"end":{"line":4,"column":38}},"2":{"start":{"line":4,"column":24},"end":{"line":4,"column":30}},"3":{"start":{"line":4,"column":35},"end":{"line":4,"column":87}},"4":{"start":{"line":4,"column":42},"end":{"line":4,"column":87}},"5":{"start":{"line":4,"column":72},"end":{"line":4,"column":82}},"6":{"start":{"line":4,"column":13},"end":{"line":4,"column":23}},"7":{"start":{"line":6,"column":29},"end":{"line":15,"column":1}},"8":{"start":{"line":7,"column":4},"end":{"line":14,"column":6}},"9":{"start":{"line":8,"column":8},"end":{"line":12,"column":null}},"10":{"start":{"line":9,"column":12},"end":{"line":11,"column":16}},"11":{"start":{"line":9,"column":37},"end":{"line":11,"column":15}},"12":{"start":{"line":13,"column":8},"end":{"line":13,"column":21}},"13":{"start":{"line":6,"column":13},"end":{"line":6,"column":29}},"14":{"start":{"line":17,"column":35},"end":{"line":28,"column":1}},"15":{"start":{"line":18,"column":4},"end":{"line":27,"column":null}},"16":{"start":{"line":19,"column":8},"end":{"line":25,"column":null}},"17":{"start":{"line":20,"column":12},"end":{"line":24,"column":15}},"18":{"start":{"line":21,"column":16},"end":{"line":23,"column":32}},"19":{"start":{"line":26,"column":8},"end":{"line":26,"column":21}},"20":{"start":{"line":17,"column":13},"end":{"line":17,"column":35}}},"fnMap":{"0":{"name":"(anonymous_0)","decl":{"start":{"line":4,"column":23},"end":{"line":4,"column":24}},"loc":{"start":{"line":4,"column":23},"end":{"line":4,"column":38}}},"1":{"name":"(anonymous_1)","decl":{"start":{"line":4,"column":35},"end":{"line":4,"column":38}},"loc":{"start":{"line":4,"column":38},"end":{"line":4,"column":45}}},"2":{"name":"(anonymous_2)","decl":{"start":{"line":4,"column":58},"end":{"line":4,"column":59}},"loc":{"start":{"line":4,"column":67},"end":{"line":4,"column":74}}},"3":{"name":"(anonymous_3)","decl":{"start":{"line":6,"column":29},"end":{"line":6,"column":30}},"loc":{"start":{"line":6,"column":64},"end":{"line":15,"column":1}}},"4":{"name":"(anonymous_4)","decl":{"start":{"line":7,"column":11},"end":{"line":7,"column":21}},"loc":{"start":{"line":7,"column":34},"end":{"line":14,"column":5}}},"5":{"name":"(anonymous_5)","decl":{"start":{"line":9,"column":29},"end":{"line":9,"column":33}},"loc":{"start":{"line":9,"column":33},"end":{"line":9,"column":42}}},"6":{"name":"(anonymous_6)","decl":{"start":{"line":17,"column":35},"end":{"line":17,"column":36}},"loc":{"start":{"line":17,"column":82},"end":{"line":28,"column":1}}},"7":{"name":"(anonymous_7)","decl":{"start":{"line":18,"column":11},"end":{"line":18,"column":21}},"loc":{"start":{"line":18,"column":34},"end":{"line":27,"column":5}}},"8":{"name":"(anonymous_8)","decl":{"start":{"line":20,"column":29},"end":{"line":20,"column":33}},"loc":{"start":{"line":20,"column":33},"end":{"line":24,"column":13}}}},"branchMap":{"0":{"loc":{"start":{"line":8,"column":8},"end":{"line":12,"column":null}},"type":"if","locations":[{"start":{"line":8,"column":8},"end":{"line":12,"column":null}}]},"1":{"loc":{"start":{"line":19,"column":8},"end":{"line":25,"column":null}},"type":"if","locations":[{"start":{"line":19,"column":8},"end":{"line":25,"column":null}}]},"2":{"loc":{"start":{"line":21,"column":23},"end":{"line":23,"column":31}},"type":"cond-expr","locations":[{"start":{"line":22,"column":21},"end":{"line":22,"column":null}},{"start":{"line":23,"column":21},"end":{"line":23,"column":31}}]}},"s":{"0":2,"1":2,"2":8,"3":2,"4":2,"5":4,"6":2,"7":2,"8":4,"9":4,"10":3,"11":10,"12":1,"13":2,"14":2,"15":4,"16":4,"17":3,"18":10,"19":1,"20":2},"f":{"0":2,"1":2,"2":4,"3":4,"4":4,"5":10,"6":4,"7":4,"8":10},"b":{"0":[3],"1":[3],"2":[4,6]}}
,"/temp/javascript-nodejs/product-rules/src/store/store.ts": {"path":"/temp/javascript-nodejs/product-rules/src/store/store.ts","statementMap":{"0":{"start":{"line":1,"column":0},"end":{"line":1,"column":27}},"1":{"start":{"line":4,"column":26},"end":{"line":20,"column":2}},"2":{"start":{"line":22,"column":24},"end":{"line":27,"column":1}},"3":{"start":{"line":23,"column":4},"end":{"line":26,"column":32}},"4":{"start":{"line":24,"column":8},"end":{"line":24,"column":29}},"5":{"start":{"line":25,"column":8},"end":{"line":25,"column":19}},"6":{"start":{"line":29,"column":21},"end":{"line":29,"column":38}},"7":{"start":{"line":31,"column":34},"end":{"line":36,"column":1}},"8":{"start":{"line":32,"column":4},"end":{"line":34,"column":11}},"9":{"start":{"line":33,"column":8},"end":{"line":33,"column":46}},"10":{"start":{"line":31,"column":13},"end":{"line":31,"column":34}}},"fnMap":{"0":{"name":"(anonymous_0)","decl":{"start":{"line":22,"column":24},"end":{"line":22,"column":null}},"loc":{"start":{"line":22,"column":24},"end":{"line":27,"column":1}}},"1":{"name":"(anonymous_1)","decl":{"start":{"line":23,"column":28},"end":{"line":23,"column":29}},"loc":{"start":{"line":23,"column":37},"end":{"line":26,"column":5}}},"2":{"name":"(anonymous_2)","decl":{"start":{"line":31,"column":34},"end":{"line":31,"column":35}},"loc":{"start":{"line":31,"column":48},"end":{"line":36,"column":1}}},"3":{"name":"(anonymous_3)","decl":{"start":{"line":32,"column":22},"end":{"line":32,"column":23}},"loc":{"start":{"line":32,"column":31},"end":{"line":34,"column":5}}}},"branchMap":{},"s":{"0":1,"1":1,"2":1,"3":1,"4":3,"5":3,"6":1,"7":1,"8":1,"9":4,"10":1},"f":{"0":1,"1":3,"2":1,"3":4},"b":{}}
,"/temp/javascript-nodejs/product-rules/src/store/test.store.ts": {"path":"/temp/javascript-nodejs/product-rules/src/store/test.store.ts","statementMap":{"0":{"start":{"line":2,"column":0},"end":{"line":2,"column":27}},"1":{"start":{"line":4,"column":13},"end":{"line":20,"column":2}},"2":{"start":{"line":22,"column":13},"end":{"line":38,"column":2}},"3":{"start":{"line":40,"column":13},"end":{"line":56,"column":2}},"4":{"start":{"line":58,"column":13},"end":{"line":74,"column":2}}},"fnMap":{},"branchMap":{},"s":{"0":3,"1":3,"2":3,"3":3,"4":3},"f":{},"b":{}}
}
