TN:
SF:src/checkout/calculate.ts
FN:7,(anonymous_0)
FN:10,(anonymous_1)
FN:21,(anonymous_2)
FN:22,(anonymous_3)
FNF:4
FNH:4
FNDA:2,(anonymous_0)
FNDA:4,(anonymous_1)
FNDA:2,(anonymous_2)
FNDA:7,(anonymous_3)
DA:1,1
DA:2,1
DA:3,1
DA:5,1
DA:7,1
DA:8,2
DA:9,1
DA:10,4
DA:11,1
DA:12,1
DA:13,1
DA:14,1
DA:15,1
DA:17,1
DA:21,1
DA:22,2
DA:23,7
DA:24,2
LF:18
LH:18
BRDA:8,0,0,1
BRDA:8,0,1,1
BRDA:8,1,0,2
BRDA:8,1,1,2
BRF:4
BRH:4
end_of_record
TN:
SF:src/checkout/rules/promos.ts
FN:4,(anonymous_0)
FN:5,(anonymous_1)
FN:10,(anonymous_2)
FNF:3
FNH:3
FNDA:3,(anonymous_0)
FNDA:10,(anonymous_1)
FNDA:2,(anonymous_2)
DA:1,2
DA:4,2
DA:5,3
DA:6,10
DA:7,3
DA:10,2
DA:11,2
LF:7
LH:7
BRF:0
BRH:0
end_of_record
TN:
SF:src/checkout/rules/rules.ts
FN:4,(anonymous_0)
FN:4,(anonymous_1)
FN:4,(anonymous_2)
FN:6,(anonymous_3)
FN:7,(anonymous_4)
FN:9,(anonymous_5)
FN:17,(anonymous_6)
FN:18,(anonymous_7)
FN:20,(anonymous_8)
FNF:9
FNH:9
FNDA:2,(anonymous_0)
FNDA:2,(anonymous_1)
FNDA:4,(anonymous_2)
FNDA:4,(anonymous_3)
FNDA:4,(anonymous_4)
FNDA:10,(anonymous_5)
FNDA:4,(anonymous_6)
FNDA:4,(anonymous_7)
FNDA:10,(anonymous_8)
DA:1,2
DA:4,8
DA:6,2
DA:7,4
DA:8,4
DA:9,10
DA:13,1
DA:17,2
DA:18,4
DA:19,4
DA:20,3
DA:21,10
DA:26,1
LF:13
LH:13
BRDA:8,0,0,3
BRDA:19,1,0,3
BRDA:21,2,0,4
BRDA:21,2,1,6
BRF:4
BRH:4
end_of_record
TN:
SF:src/store/store.ts
FN:22,(anonymous_0)
FN:23,(anonymous_1)
FN:31,(anonymous_2)
FN:32,(anonymous_3)
FNF:4
FNH:4
FNDA:1,(anonymous_0)
FNDA:3,(anonymous_1)
FNDA:1,(anonymous_2)
FNDA:4,(anonymous_3)
DA:1,1
DA:4,1
DA:22,1
DA:23,1
DA:24,3
DA:25,3
DA:29,1
DA:31,1
DA:32,1
DA:33,4
LF:10
LH:10
BRF:0
BRH:0
end_of_record
TN:
SF:src/store/test.store.ts
FNF:0
FNH:0
DA:2,3
DA:4,3
DA:22,3
DA:40,3
DA:58,3
LF:5
LH:5
BRF:0
BRH:0
end_of_record
